[2025-07-08 16:34:57,029:INFO:main:hello world]
[2025-07-09 15:00:43,185:INFO:common:yaml file config\config.yaml loaded successfully]
[2025-07-09 15:00:43,218:INFO:common:yaml file params.yaml loaded successfully]
[2025-07-09 15:03:29,434:INFO:common:yaml file config\config.yaml loaded successfully]
[2025-07-09 15:03:29,440:INFO:common:yaml file params.yaml loaded successfully]
[2025-07-09 15:04:33,540:INFO:common:yaml file config\config.yaml loaded successfully]
[2025-07-09 15:04:33,544:INFO:common:yaml file params.yaml loaded successfully]
[2025-07-09 15:06:25,691:INFO:common:yaml file config\config.yaml loaded successfully]
[2025-07-09 15:06:25,694:INFO:common:yaml file params.yaml loaded successfully]
[2025-07-09 15:06:56,692:INFO:common:yaml file config\config.yaml loaded successfully]
[2025-07-09 15:06:56,695:INFO:common:yaml file params.yaml loaded successfully]
[2025-07-09 15:07:49,874:INFO:common:yaml file config\config.yaml loaded successfully]
[2025-07-09 15:07:49,878:INFO:common:yaml file params.yaml loaded successfully]
[2025-07-09 15:10:15,182:INFO:common:yaml file config\config.yaml loaded successfully]
[2025-07-09 15:10:15,192:INFO:common:yaml file params.yaml loaded successfully]
[2025-07-09 15:11:28,093:INFO:common:yaml file config\config.yaml loaded successfully]
[2025-07-09 15:11:28,095:INFO:common:yaml file params.yaml loaded successfully]
[2025-07-09 15:11:28,095:INFO:common:created directory at :artifacts]
[2025-07-09 15:11:28,095:INFO:1402693261:downloading data from https://drive.google.com/file/d/1Clwogi2zK2P4EjH5iTGeUktm0cHlXDGD/view?usp=sharing into file artifacts/data_ingestion/data.zip]
[2025-07-09 15:14:54,121:INFO:common:yaml file config\config.yaml loaded successfully]
[2025-07-09 15:14:54,125:INFO:common:yaml file params.yaml loaded successfully]
[2025-07-09 15:14:54,127:INFO:common:created directory at :artifacts]
[2025-07-09 15:14:54,130:INFO:1795833671:downloading data from https://drive.google.com/file/d/1Clwogi2zK2P4EjH5iTGeUktm0cHlXDGD/view?usp=sharing into file artifacts/data_ingestion/data.zip]
[2025-07-09 15:16:37,719:INFO:common:yaml file config\config.yaml loaded successfully]
[2025-07-09 15:16:37,722:INFO:common:yaml file params.yaml loaded successfully]
[2025-07-09 15:16:37,722:INFO:common:created directory at :artifacts]
[2025-07-09 15:16:54,085:INFO:common:yaml file config\config.yaml loaded successfully]
[2025-07-09 15:16:54,091:INFO:common:yaml file params.yaml loaded successfully]
[2025-07-09 15:16:54,091:INFO:common:created directory at :artifacts]
[2025-07-09 15:16:54,099:INFO:1968983231:downloading data from https://drive.google.com/file/d/1Clwogi2zK2P4EjH5iTGeUktm0cHlXDGD/view?usp=sharing into file artifacts/data_ingestion/data.zip]
[2025-07-09 15:19:44,441:INFO:common:yaml file config\config.yaml loaded successfully]
[2025-07-09 15:19:44,446:INFO:common:yaml file params.yaml loaded successfully]
[2025-07-09 15:19:44,449:INFO:common:created directory at :artifacts]
[2025-07-09 15:19:44,452:INFO:1968983231:downloading data from https://drive.google.com/file/d/1Clwogi2zK2P4EjH5iTGeUktm0cHlXDGD/view?usp=sharing into file artifacts/data_ingestion]
[2025-07-09 15:22:28,883:INFO:common:yaml file config\config.yaml loaded successfully]
[2025-07-09 15:22:28,889:INFO:common:yaml file params.yaml loaded successfully]
[2025-07-09 15:22:28,891:INFO:common:created directory at :artifacts]
[2025-07-09 15:22:28,896:INFO:3169234003:downloading data from https://drive.google.com/file/d/1Clwogi2zK2P4EjH5iTGeUktm0cHlXDGD/view?usp=sharing into file artifacts/data_ingestion]
[2025-07-09 15:24:45,408:INFO:common:yaml file config\config.yaml loaded successfully]
[2025-07-09 15:24:45,414:INFO:common:yaml file params.yaml loaded successfully]
[2025-07-09 15:24:45,417:INFO:common:created directory at :artifacts]
[2025-07-09 15:25:08,011:INFO:common:yaml file config\config.yaml loaded successfully]
[2025-07-09 15:25:08,015:INFO:common:yaml file params.yaml loaded successfully]
[2025-07-09 15:25:08,019:INFO:common:created directory at :artifacts]
[2025-07-09 15:25:46,691:INFO:common:yaml file config\config.yaml loaded successfully]
[2025-07-09 15:25:46,700:INFO:common:yaml file params.yaml loaded successfully]
[2025-07-09 15:25:46,706:INFO:common:created directory at :artifacts]
[2025-07-09 15:26:04,920:INFO:common:yaml file config\config.yaml loaded successfully]
[2025-07-09 15:26:04,927:INFO:common:yaml file params.yaml loaded successfully]
[2025-07-09 15:26:04,933:INFO:common:created directory at :artifacts]
[2025-07-09 15:29:39,692:INFO:common:yaml file config\config.yaml loaded successfully]
[2025-07-09 15:29:39,697:INFO:common:yaml file params.yaml loaded successfully]
[2025-07-09 15:29:39,704:INFO:common:created directory at :artifacts]
[2025-07-09 15:29:39,708:INFO:3169234003:downloading data from https://drive.google.com/file/d/1Clwogi2zK2P4EjH5iTGeUktm0cHlXDGD/view?usp=sharing into file artifacts/data_ingestion/data.zip]
[2025-07-09 15:34:37,606:INFO:common:yaml file config\config.yaml loaded successfully]
[2025-07-09 15:34:37,612:INFO:common:yaml file params.yaml loaded successfully]
[2025-07-09 15:34:37,617:INFO:common:created directory at :artifacts]
[2025-07-09 15:34:37,621:INFO:common:created directory at :artifacts/data_ingestion]
[2025-07-09 15:34:37,623:INFO:1983665874:Downloading data from https://drive.google.com/file/d/1Clwogi2zK2P4EjH5iTGeUktm0cHlXDGD/view?usp=sharing into file artifacts/data_ingestion/data.zip]
[2025-07-09 15:35:01,442:INFO:1983665874:Downloaded data from https://drive.google.com/file/d/1Clwogi2zK2P4EjH5iTGeUktm0cHlXDGD/view?usp=sharing into file artifacts/data_ingestion/data.zip]
[2025-07-09 18:21:38,530:INFO:main:stage Data Ingestion stage started]
[2025-07-09 18:21:38,558:INFO:common:yaml file config\config.yaml loaded successfully]
[2025-07-09 18:21:38,575:INFO:common:yaml file params.yaml loaded successfully]
[2025-07-09 18:21:38,577:INFO:common:created directory at :artifacts]
[2025-07-09 18:21:38,577:INFO:common:created directory at :artifacts/data_ingestion]
[2025-07-09 18:21:38,578:INFO:data_ingestion:Downloading data from https://drive.google.com/file/d/1Clwogi2zK2P4EjH5iTGeUktm0cHlXDGD/view?usp=sharing into file artifacts/data_ingestion/data.zip]
[2025-07-09 18:21:57,864:INFO:data_ingestion:Downloaded data from https://drive.google.com/file/d/1Clwogi2zK2P4EjH5iTGeUktm0cHlXDGD/view?usp=sharing into file artifacts/data_ingestion/data.zip]
[2025-07-09 18:21:59,621:INFO:main:stage Data Ingestion stage completed]

[2025-07-09 21:57:56,762:INFO:main:stage Data Ingestion stage started]
[2025-07-09 21:57:56,762:INFO:common:yaml file config\config.yaml loaded successfully]
[2025-07-09 21:57:56,777:INFO:common:yaml file params.yaml loaded successfully]
[2025-07-09 21:57:56,778:INFO:common:created directory at :artifacts]
[2025-07-09 21:57:56,778:ERROR:main:'ConfigurationManager' object has no attribute 'get_data_ingestion_config']
Traceback (most recent call last):
  File "C:\Users\Patel\OneDrive\Desktop\pl\chest classification\main.py", line 10, in <module>
    obj.main()
  File "C:\Users\Patel\OneDrive\Desktop\pl\chest classification\src\cnnclassifer\pipeline\data_ingestion_01.py", line 13, in main
    data_ingestion_config = config.get_data_ingestion_config()
AttributeError: 'ConfigurationManager' object has no attribute 'get_data_ingestion_config'
[2025-07-09 22:00:38,488:INFO:main:stage Data Ingestion stage started]
[2025-07-09 22:00:38,488:INFO:common:yaml file config\config.yaml loaded successfully]
[2025-07-09 22:00:38,488:INFO:common:yaml file params.yaml loaded successfully]
[2025-07-09 22:00:38,488:INFO:common:created directory at :artifacts]
[2025-07-09 22:00:38,488:INFO:common:created directory at :artifacts/data_ingestion]
[2025-07-09 22:00:38,488:INFO:data_ingestion:Downloading data from https://drive.google.com/file/d/1Clwogi2zK2P4EjH5iTGeUktm0cHlXDGD/view?usp=sharing into file artifacts/data_ingestion/data.zip]
[2025-07-09 22:00:56,084:INFO:data_ingestion:Downloaded data from https://drive.google.com/file/d/1Clwogi2zK2P4EjH5iTGeUktm0cHlXDGD/view?usp=sharing into file artifacts/data_ingestion/data.zip]
[2025-07-09 22:00:57,900:INFO:main:stage Data Ingestion stage completed]
[2025-07-09 22:00:57,902:INFO:main:*******************]
[2025-07-09 22:00:57,903:INFO:main:>>>>>> stage Data Ingestion stage started <<<<<<]
[2025-07-09 22:00:57,905:INFO:common:yaml file config\config.yaml loaded successfully]
[2025-07-09 22:00:57,908:INFO:common:yaml file params.yaml loaded successfully]
[2025-07-09 22:00:57,908:INFO:common:created directory at :artifacts]
[2025-07-09 22:00:57,908:INFO:common:created directory at :artifacts/prepare_base_model]
[2025-07-09 22:00:58,867:WARNING:saving_utils:Compiled the loaded model, but the compiled metrics have yet to be built. `model.compile_metrics` will be empty until you train or evaluate the model.]
[2025-07-09 22:00:59,312:INFO:main:>>>>>> stage Data Ingestion stage completed <<<<<<

x==========x]
[2025-07-11 21:04:10,642:INFO:common:yaml file config\config.yaml loaded successfully]
[2025-07-11 21:04:10,671:INFO:common:yaml file params.yaml loaded successfully]
[2025-07-11 21:04:10,679:INFO:common:created directory at :artifacts]
[2025-07-11 21:04:10,682:INFO:common:created directory at :artifacts\training]
[2025-07-11 21:05:39,931:INFO:common:yaml file config\config.yaml loaded successfully]
[2025-07-11 21:05:39,939:INFO:common:yaml file params.yaml loaded successfully]
[2025-07-11 21:05:39,942:INFO:common:created directory at :artifacts]
[2025-07-11 21:05:39,947:INFO:common:created directory at :artifacts\training]
[2025-07-11 21:06:19,708:INFO:common:yaml file config\config.yaml loaded successfully]
[2025-07-11 21:06:19,713:INFO:common:yaml file params.yaml loaded successfully]
[2025-07-11 21:06:19,717:INFO:common:created directory at :artifacts]
[2025-07-11 21:06:19,722:INFO:common:created directory at :artifacts\training]
[2025-07-11 21:08:18,562:INFO:common:yaml file config\config.yaml loaded successfully]
[2025-07-11 21:08:18,568:INFO:common:yaml file params.yaml loaded successfully]
[2025-07-11 21:08:18,568:INFO:common:created directory at :artifacts]
[2025-07-11 21:08:18,577:INFO:common:created directory at :artifacts\training]
[2025-07-11 21:09:14,486:INFO:common:yaml file config\config.yaml loaded successfully]
[2025-07-11 21:09:14,490:INFO:common:yaml file params.yaml loaded successfully]
[2025-07-11 21:09:14,493:INFO:common:created directory at :artifacts]
[2025-07-11 21:09:14,493:INFO:common:created directory at :artifacts\training]
[2025-07-11 21:10:21,580:INFO:common:yaml file config\config.yaml loaded successfully]
[2025-07-11 21:10:21,585:INFO:common:yaml file params.yaml loaded successfully]
[2025-07-11 21:10:21,586:INFO:common:created directory at :artifacts]
[2025-07-11 21:10:21,592:INFO:common:created directory at :artifacts\training]
[2025-07-11 21:24:52,445:INFO:common:yaml file config\config.yaml loaded successfully]
[2025-07-11 21:24:52,452:INFO:common:yaml file params.yaml loaded successfully]
[2025-07-11 21:24:52,456:INFO:common:created directory at :artifacts]
[2025-07-11 21:24:52,460:INFO:common:created directory at :artifacts\training]
[2025-07-11 21:32:14,677:INFO:common:yaml file config\config.yaml loaded successfully]
[2025-07-11 21:32:14,677:INFO:common:yaml file params.yaml loaded successfully]
[2025-07-11 21:32:14,690:INFO:common:created directory at :artifacts]
[2025-07-11 21:32:14,690:INFO:common:created directory at :artifacts\training]
[2025-07-11 21:33:03,355:INFO:common:yaml file config\config.yaml loaded successfully]
[2025-07-11 21:33:03,358:INFO:common:yaml file params.yaml loaded successfully]
[2025-07-11 21:33:03,362:INFO:common:created directory at :artifacts]
[2025-07-11 21:33:03,363:INFO:common:created directory at :artifacts\training]
[2025-07-11 21:33:21,770:INFO:common:yaml file config\config.yaml loaded successfully]
[2025-07-11 21:33:21,776:INFO:common:yaml file params.yaml loaded successfully]
[2025-07-11 21:33:21,776:INFO:common:created directory at :artifacts]
[2025-07-11 21:33:21,782:INFO:common:created directory at :artifacts\training]
[2025-07-11 21:52:59,888:INFO:common:yaml file config\config.yaml loaded successfully]
[2025-07-11 21:52:59,909:INFO:common:yaml file params.yaml loaded successfully]
[2025-07-11 21:52:59,915:INFO:common:created directory at :artifacts]
[2025-07-11 21:52:59,918:INFO:common:created directory at :artifacts/prepare_base_model]
[2025-07-11 21:53:09,133:WARNING:saving_utils:Compiled the loaded model, but the compiled metrics have yet to be built. `model.compile_metrics` will be empty until you train or evaluate the model.]
[2025-07-11 21:56:49,544:INFO:common:yaml file config\config.yaml loaded successfully]
[2025-07-11 21:56:49,549:INFO:common:yaml file params.yaml loaded successfully]
[2025-07-11 21:56:49,552:INFO:common:created directory at :artifacts]
[2025-07-11 21:56:49,554:INFO:common:created directory at :artifacts/prepare_base_model]
[2025-07-11 21:56:53,380:WARNING:saving_utils:Compiled the loaded model, but the compiled metrics have yet to be built. `model.compile_metrics` will be empty until you train or evaluate the model.]
[2025-07-11 21:58:26,183:INFO:common:yaml file config\config.yaml loaded successfully]
[2025-07-11 21:58:26,190:INFO:common:yaml file params.yaml loaded successfully]
[2025-07-11 21:58:26,190:INFO:common:created directory at :artifacts]
[2025-07-11 21:58:26,195:INFO:common:created directory at :artifacts/prepare_base_model]
[2025-07-11 21:58:30,323:WARNING:saving_utils:Compiled the loaded model, but the compiled metrics have yet to be built. `model.compile_metrics` will be empty until you train or evaluate the model.]
[2025-07-11 21:59:52,935:INFO:common:yaml file config\config.yaml loaded successfully]
[2025-07-11 21:59:52,940:INFO:common:yaml file params.yaml loaded successfully]
[2025-07-11 21:59:52,944:INFO:common:created directory at :artifacts]
[2025-07-11 21:59:52,946:INFO:common:created directory at :artifacts/prepare_base_model]
[2025-07-11 21:59:56,781:WARNING:saving_utils:Compiled the loaded model, but the compiled metrics have yet to be built. `model.compile_metrics` will be empty until you train or evaluate the model.]
[2025-07-11 22:08:36,407:INFO:common:yaml file config\config.yaml loaded successfully]
[2025-07-11 22:08:36,413:INFO:common:yaml file params.yaml loaded successfully]
[2025-07-11 22:08:36,417:INFO:common:created directory at :artifacts]
[2025-07-11 22:08:36,420:INFO:common:created directory at :artifacts/prepare_base_model]
[2025-07-11 22:08:40,318:WARNING:saving_utils:Compiled the loaded model, but the compiled metrics have yet to be built. `model.compile_metrics` will be empty until you train or evaluate the model.]
[2025-07-11 22:14:24,309:INFO:common:yaml file config\config.yaml loaded successfully]
[2025-07-11 22:14:24,317:INFO:common:yaml file params.yaml loaded successfully]
[2025-07-11 22:14:24,324:INFO:common:created directory at :artifacts]
[2025-07-11 22:14:24,328:INFO:common:created directory at :artifacts/prepare_base_model]
[2025-07-11 22:19:58,407:INFO:common:yaml file config\config.yaml loaded successfully]
[2025-07-11 22:19:58,411:INFO:common:yaml file params.yaml loaded successfully]
[2025-07-11 22:19:58,413:INFO:common:created directory at :artifacts]
[2025-07-11 22:19:58,415:INFO:common:created directory at :artifacts/prepare_base_model]
[2025-07-11 22:21:04,586:INFO:common:yaml file config\config.yaml loaded successfully]
[2025-07-11 22:21:04,592:INFO:common:yaml file params.yaml loaded successfully]
[2025-07-11 22:21:04,594:INFO:common:created directory at :artifacts]
[2025-07-11 22:21:04,596:INFO:common:created directory at :artifacts/prepare_base_model]
[2025-07-11 22:21:07,961:WARNING:saving_utils:Compiled the loaded model, but the compiled metrics have yet to be built. `model.compile_metrics` will be empty until you train or evaluate the model.]
[2025-07-11 22:21:08,081:WARNING:saving_utils:Compiled the loaded model, but the compiled metrics have yet to be built. `model.compile_metrics` will be empty until you train or evaluate the model.]
[2025-07-11 22:21:35,058:WARNING:save:Found untraced functions such as _jit_compiled_convolution_op, _jit_compiled_convolution_op, _jit_compiled_convolution_op, _jit_compiled_convolution_op, _jit_compiled_convolution_op while saving (showing 5 of 81). These functions will not be directly callable after loading.]
[2025-07-11 22:21:54,687:INFO:builder_impl:Assets written to: artifacts\prepare_base_model\base_model\assets]
[2025-07-11 22:22:24,511:WARNING:save:Found untraced functions such as _jit_compiled_convolution_op, _jit_compiled_convolution_op, _jit_compiled_convolution_op, _jit_compiled_convolution_op, _jit_compiled_convolution_op while saving (showing 5 of 82). These functions will not be directly callable after loading.]
[2025-07-11 22:22:44,827:INFO:builder_impl:Assets written to: artifacts\prepare_base_model\base_model_updated\assets]
[2025-07-11 22:24:45,680:INFO:common:yaml file config\config.yaml loaded successfully]
[2025-07-11 22:24:45,687:INFO:common:yaml file params.yaml loaded successfully]
[2025-07-11 22:24:45,689:INFO:common:created directory at :artifacts]
[2025-07-11 22:24:45,693:INFO:common:created directory at :artifacts/prepare_base_model]
[2025-07-11 22:24:49,052:WARNING:saving_utils:Compiled the loaded model, but the compiled metrics have yet to be built. `model.compile_metrics` will be empty until you train or evaluate the model.]
[2025-07-11 22:24:49,130:WARNING:saving_utils:Compiled the loaded model, but the compiled metrics have yet to be built. `model.compile_metrics` will be empty until you train or evaluate the model.]
[2025-07-11 22:25:13,563:WARNING:save:Found untraced functions such as _jit_compiled_convolution_op, _jit_compiled_convolution_op, _jit_compiled_convolution_op, _jit_compiled_convolution_op, _jit_compiled_convolution_op while saving (showing 5 of 81). These functions will not be directly callable after loading.]
[2025-07-11 22:25:32,724:INFO:builder_impl:Assets written to: artifacts\prepare_base_model\base_model\assets]
[2025-07-11 22:30:00,068:INFO:common:yaml file config\config.yaml loaded successfully]
[2025-07-11 22:30:00,075:INFO:common:yaml file params.yaml loaded successfully]
[2025-07-11 22:30:00,079:INFO:common:created directory at :artifacts]
[2025-07-11 22:30:00,083:INFO:common:created directory at :artifacts/prepare_base_model]
[2025-07-11 22:30:03,417:WARNING:saving_utils:Compiled the loaded model, but the compiled metrics have yet to be built. `model.compile_metrics` will be empty until you train or evaluate the model.]
[2025-07-11 23:09:26,768:INFO:common:yaml file config\config.yaml loaded successfully]
[2025-07-11 23:09:26,787:INFO:common:yaml file params.yaml loaded successfully]
[2025-07-11 23:09:26,791:INFO:common:created directory at :artifacts]
[2025-07-11 23:09:26,795:INFO:common:created directory at :artifacts/prepare_base_model]
[2025-07-11 23:09:29,627:WARNING:saving_utils:Compiled the loaded model, but the compiled metrics have yet to be built. `model.compile_metrics` will be empty until you train or evaluate the model.]
[2025-07-11 23:10:33,169:INFO:common:yaml file config\config.yaml loaded successfully]
[2025-07-11 23:10:33,174:INFO:common:yaml file params.yaml loaded successfully]
[2025-07-11 23:10:33,176:INFO:common:created directory at :artifacts]
[2025-07-11 23:10:33,178:INFO:common:created directory at :artifacts/data_ingestion]
[2025-07-11 23:10:33,180:INFO:1983665874:Downloading data from https://drive.google.com/file/d/1Clwogi2zK2P4EjH5iTGeUktm0cHlXDGD/view?usp=sharing into file artifacts/data_ingestion/data.zip]
[2025-07-11 23:10:50,560:INFO:1983665874:Downloaded data from https://drive.google.com/file/d/1Clwogi2zK2P4EjH5iTGeUktm0cHlXDGD/view?usp=sharing into file artifacts/data_ingestion/data.zip]
[2025-07-11 23:11:46,337:INFO:common:yaml file config\config.yaml loaded successfully]
[2025-07-11 23:11:46,342:INFO:common:yaml file params.yaml loaded successfully]
[2025-07-11 23:11:46,343:INFO:common:created directory at :artifacts]
[2025-07-11 23:11:46,345:INFO:common:created directory at :artifacts\training]
[2025-07-11 23:33:41,201:INFO:common:yaml file config\config.yaml loaded successfully]
[2025-07-11 23:33:41,212:INFO:common:yaml file params.yaml loaded successfully]
[2025-07-11 23:33:41,218:INFO:common:created directory at :artifacts]
[2025-07-11 23:33:41,222:INFO:common:created directory at :artifacts/data_ingestion]
[2025-07-11 23:33:41,226:INFO:1983665874:Downloading data from https://drive.google.com/file/d/1Clwogi2zK2P4EjH5iTGeUktm0cHlXDGD/view?usp=sharing into file artifacts/data_ingestion/data.zip]
[2025-07-11 23:33:59,951:INFO:1983665874:Downloaded data from https://drive.google.com/file/d/1Clwogi2zK2P4EjH5iTGeUktm0cHlXDGD/view?usp=sharing into file artifacts/data_ingestion/data.zip]
[2025-07-11 23:34:45,768:INFO:common:yaml file config\config.yaml loaded successfully]
[2025-07-11 23:34:45,774:INFO:common:yaml file params.yaml loaded successfully]
[2025-07-11 23:34:45,778:INFO:common:created directory at :artifacts]
[2025-07-11 23:34:45,783:INFO:common:created directory at :artifacts/prepare_base_model]
[2025-07-11 23:34:48,470:WARNING:saving_utils:Compiled the loaded model, but the compiled metrics have yet to be built. `model.compile_metrics` will be empty until you train or evaluate the model.]
[2025-07-11 23:35:56,219:INFO:common:yaml file config\config.yaml loaded successfully]
[2025-07-11 23:35:56,235:INFO:common:yaml file params.yaml loaded successfully]
[2025-07-11 23:35:56,235:INFO:common:created directory at :artifacts]
[2025-07-11 23:35:56,242:INFO:common:created directory at :artifacts/prepare_base_model]
[2025-07-11 23:35:59,018:WARNING:saving_utils:Compiled the loaded model, but the compiled metrics have yet to be built. `model.compile_metrics` will be empty until you train or evaluate the model.]
[2025-07-11 23:36:35,844:INFO:common:yaml file config\config.yaml loaded successfully]
[2025-07-11 23:36:35,850:INFO:common:yaml file params.yaml loaded successfully]
[2025-07-11 23:36:35,850:INFO:common:created directory at :artifacts]
[2025-07-11 23:36:35,850:INFO:common:created directory at :artifacts\training]
[2025-07-11 23:37:41,891:INFO:common:yaml file config\config.yaml loaded successfully]
[2025-07-11 23:37:41,897:INFO:common:yaml file params.yaml loaded successfully]
[2025-07-11 23:37:41,901:INFO:common:created directory at :artifacts]
[2025-07-11 23:37:41,904:INFO:common:created directory at :artifacts\training]
[2025-07-11 23:42:44,032:INFO:common:yaml file config\config.yaml loaded successfully]
[2025-07-11 23:42:44,044:INFO:common:yaml file params.yaml loaded successfully]
[2025-07-11 23:42:44,046:INFO:common:created directory at :artifacts]
[2025-07-11 23:42:44,051:INFO:common:created directory at :artifacts\training]
[2025-07-11 23:44:17,174:INFO:common:yaml file config\config.yaml loaded successfully]
[2025-07-11 23:44:17,179:INFO:common:yaml file params.yaml loaded successfully]
[2025-07-11 23:44:17,183:INFO:common:created directory at :artifacts]
[2025-07-11 23:44:17,185:INFO:common:created directory at :artifacts\training]
[2025-07-11 23:46:28,289:INFO:common:yaml file config\config.yaml loaded successfully]
[2025-07-11 23:46:28,295:INFO:common:yaml file params.yaml loaded successfully]
[2025-07-11 23:46:28,298:INFO:common:created directory at :artifacts]
[2025-07-11 23:46:28,300:INFO:common:created directory at :artifacts/prepare_base_model]
[2025-07-11 23:46:31,099:WARNING:saving_utils:Compiled the loaded model, but the compiled metrics have yet to be built. `model.compile_metrics` will be empty until you train or evaluate the model.]
[2025-07-11 23:47:10,600:INFO:common:yaml file config\config.yaml loaded successfully]
[2025-07-11 23:47:10,604:INFO:common:yaml file params.yaml loaded successfully]
[2025-07-11 23:47:10,606:INFO:common:created directory at :artifacts]
[2025-07-11 23:47:10,608:INFO:common:created directory at :artifacts\training]
[2025-07-11 23:50:12,142:INFO:common:yaml file config\config.yaml loaded successfully]
[2025-07-11 23:50:12,157:INFO:common:yaml file params.yaml loaded successfully]
[2025-07-11 23:50:12,161:INFO:common:created directory at :artifacts]
[2025-07-11 23:50:12,164:INFO:common:created directory at :artifacts/prepare_base_model]
[2025-07-11 23:50:15,336:WARNING:saving_utils:Compiled the loaded model, but the compiled metrics have yet to be built. `model.compile_metrics` will be empty until you train or evaluate the model.]
[2025-07-11 23:50:51,693:INFO:common:yaml file config\config.yaml loaded successfully]
[2025-07-11 23:50:51,700:INFO:common:yaml file params.yaml loaded successfully]
[2025-07-11 23:50:51,703:INFO:common:created directory at :artifacts]
[2025-07-11 23:50:51,707:INFO:common:created directory at :artifacts\training]
[2025-07-11 23:56:32,957:INFO:common:yaml file config\config.yaml loaded successfully]
[2025-07-11 23:56:32,981:INFO:common:yaml file params.yaml loaded successfully]
[2025-07-11 23:56:32,981:INFO:common:created directory at :artifacts]
[2025-07-11 23:56:32,986:INFO:common:created directory at :artifacts\training]
[2025-07-12 00:02:03,157:INFO:common:yaml file config\config.yaml loaded successfully]
[2025-07-12 00:02:03,164:INFO:common:yaml file params.yaml loaded successfully]
[2025-07-12 00:02:03,166:INFO:common:created directory at :artifacts]
[2025-07-12 00:02:03,170:INFO:common:created directory at :artifacts/prepare_base_model]
[2025-07-12 00:02:06,296:WARNING:saving_utils:Compiled the loaded model, but the compiled metrics have yet to be built. `model.compile_metrics` will be empty until you train or evaluate the model.]
[2025-07-12 00:02:31,314:INFO:common:yaml file config\config.yaml loaded successfully]
[2025-07-12 00:02:31,320:INFO:common:yaml file params.yaml loaded successfully]
[2025-07-12 00:02:31,322:INFO:common:created directory at :artifacts]
[2025-07-12 00:02:31,325:INFO:common:created directory at :artifacts\training]
[2025-07-12 00:05:09,343:INFO:common:yaml file config\config.yaml loaded successfully]
[2025-07-12 00:05:09,347:INFO:common:yaml file params.yaml loaded successfully]
[2025-07-12 00:05:09,349:INFO:common:created directory at :artifacts]
[2025-07-12 00:05:09,353:INFO:common:created directory at :artifacts/prepare_base_model]
[2025-07-12 00:05:11,996:WARNING:saving_utils:Compiled the loaded model, but the compiled metrics have yet to be built. `model.compile_metrics` will be empty until you train or evaluate the model.]
[2025-07-12 00:05:42,932:INFO:common:yaml file config\config.yaml loaded successfully]
[2025-07-12 00:05:42,936:INFO:common:yaml file params.yaml loaded successfully]
[2025-07-12 00:05:42,940:INFO:common:created directory at :artifacts]
[2025-07-12 00:05:42,944:INFO:common:created directory at :artifacts\training]
[2025-07-12 00:09:02,569:INFO:common:yaml file config\config.yaml loaded successfully]
[2025-07-12 00:09:02,576:INFO:common:yaml file params.yaml loaded successfully]
[2025-07-12 00:09:02,579:INFO:common:created directory at :artifacts]
[2025-07-12 00:09:02,581:INFO:common:created directory at :artifacts/prepare_base_model]
[2025-07-12 00:09:05,228:WARNING:saving_utils:Compiled the loaded model, but the compiled metrics have yet to be built. `model.compile_metrics` will be empty until you train or evaluate the model.]
[2025-07-12 00:09:48,400:INFO:common:yaml file config\config.yaml loaded successfully]
[2025-07-12 00:09:48,401:INFO:common:yaml file params.yaml loaded successfully]
[2025-07-12 00:09:48,407:INFO:common:created directory at :artifacts]
[2025-07-12 00:09:48,408:INFO:common:created directory at :artifacts\training]
[2025-07-12 00:14:52,884:INFO:common:yaml file config\config.yaml loaded successfully]
[2025-07-12 00:14:52,907:INFO:common:yaml file params.yaml loaded successfully]
[2025-07-12 00:14:52,908:INFO:common:created directory at :artifacts]
[2025-07-12 00:14:52,914:INFO:common:created directory at :artifacts/prepare_base_model]
[2025-07-12 00:14:55,671:WARNING:saving_utils:Compiled the loaded model, but the compiled metrics have yet to be built. `model.compile_metrics` will be empty until you train or evaluate the model.]
[2025-07-12 00:15:27,337:INFO:common:yaml file config\config.yaml loaded successfully]
[2025-07-12 00:15:27,342:INFO:common:yaml file params.yaml loaded successfully]
[2025-07-12 00:15:27,345:INFO:common:created directory at :artifacts]
[2025-07-12 00:15:27,347:INFO:common:created directory at :artifacts\training]
[2025-07-12 00:35:02,503:INFO:common:yaml file config\config.yaml loaded successfully]
[2025-07-12 00:35:02,537:INFO:common:yaml file params.yaml loaded successfully]
[2025-07-12 00:35:02,541:INFO:common:created directory at :artifacts]
[2025-07-12 00:35:02,541:INFO:common:created directory at :artifacts/prepare_base_model]
[2025-07-12 00:35:05,312:WARNING:saving_utils:Compiled the loaded model, but the compiled metrics have yet to be built. `model.compile_metrics` will be empty until you train or evaluate the model.]
[2025-07-12 00:35:27,325:INFO:common:yaml file config\config.yaml loaded successfully]
[2025-07-12 00:35:27,331:INFO:common:yaml file params.yaml loaded successfully]
[2025-07-12 00:35:27,334:INFO:common:created directory at :artifacts]
[2025-07-12 00:35:27,336:INFO:common:created directory at :artifacts\training]
[2025-07-12 00:51:10,541:INFO:common:yaml file config\config.yaml loaded successfully]
[2025-07-12 00:51:10,561:INFO:common:yaml file params.yaml loaded successfully]
[2025-07-12 00:51:10,565:INFO:common:created directory at :artifacts]
[2025-07-12 00:51:10,568:INFO:common:created directory at :artifacts\training]
[2025-07-12 16:24:44,008:INFO:common:yaml file config\config.yaml loaded successfully]
[2025-07-12 16:24:44,045:INFO:common:yaml file params.yaml loaded successfully]
[2025-07-12 16:24:44,049:INFO:common:created directory at :artifacts]
[2025-07-12 17:23:13,586:INFO:common:yaml file config\config.yaml loaded successfully]
[2025-07-12 17:23:13,608:INFO:common:yaml file params.yaml loaded successfully]
[2025-07-12 17:23:13,608:INFO:common:created directory at :artifacts]
[2025-07-12 17:27:53,662:INFO:_client:HTTP Request: POST https://dagshub.com/login/oauth/middleman "HTTP/1.1 200 OK"]
[2025-07-12 17:27:54,035:INFO:_client:HTTP Request: POST https://dagshub.com/login/oauth/access_token "HTTP/1.1 200 OK"]
[2025-07-12 17:27:54,496:INFO:_client:HTTP Request: GET https://dagshub.com/api/v1/user "HTTP/1.1 200 OK"]
[2025-07-12 17:27:54,512:INFO:helpers:Accessing as KelviPatel]
[2025-07-12 17:27:54,993:INFO:_client:HTTP Request: GET https://dagshub.com/api/v1/repos/KelviPatel/Chest-classification "HTTP/1.1 200 OK"]
[2025-07-12 17:27:55,413:INFO:_client:HTTP Request: GET https://dagshub.com/api/v1/user "HTTP/1.1 200 OK"]
[2025-07-12 17:27:55,425:INFO:helpers:Initialized MLflow to track repo "KelviPatel/Chest-classification"]
[2025-07-12 17:27:55,445:INFO:helpers:Repository KelviPatel/Chest-classification initialized!]
[2025-07-12 17:28:38,134:WARNING:save:Found untraced functions such as _jit_compiled_convolution_op, _jit_compiled_convolution_op, _jit_compiled_convolution_op, _jit_compiled_convolution_op, _jit_compiled_convolution_op while saving (showing 5 of 81). These functions will not be directly callable after loading.]
[2025-07-12 17:29:03,099:INFO:builder_impl:Assets written to: C:\Users\Patel\AppData\Local\Temp\tmpowzz_h3a\model\data\model\assets]
[2025-07-12 17:40:12,517:INFO:common:yaml file config\config.yaml loaded successfully]
[2025-07-12 17:40:12,526:INFO:common:yaml file params.yaml loaded successfully]
[2025-07-12 17:40:12,532:INFO:common:created directory at :artifacts]
[2025-07-12 17:50:05,591:INFO:_client:HTTP Request: GET https://dagshub.com/api/v1/user "HTTP/1.1 200 OK"]
[2025-07-12 17:50:05,610:INFO:helpers:Accessing as KelviPatel]
[2025-07-12 17:50:06,121:INFO:_client:HTTP Request: GET https://dagshub.com/api/v1/repos/KelviPatel/Chest-classification "HTTP/1.1 200 OK"]
[2025-07-12 17:50:06,492:INFO:_client:HTTP Request: GET https://dagshub.com/api/v1/user "HTTP/1.1 200 OK"]
[2025-07-12 17:50:06,508:INFO:helpers:Initialized MLflow to track repo "KelviPatel/Chest-classification"]
[2025-07-12 17:50:06,508:INFO:helpers:Repository KelviPatel/Chest-classification initialized!]
[2025-07-12 17:50:32,212:WARNING:save:Found untraced functions such as _jit_compiled_convolution_op, _jit_compiled_convolution_op, _jit_compiled_convolution_op, _jit_compiled_convolution_op, _jit_compiled_convolution_op while saving (showing 5 of 81). These functions will not be directly callable after loading.]
[2025-07-12 17:50:48,646:INFO:builder_impl:Assets written to: C:\Users\Patel\AppData\Local\Temp\tmp35fymexy\model\data\model\assets]
[2025-07-12 18:56:15,929:INFO:main:stage Data Ingestion stage started]
[2025-07-12 18:56:15,978:INFO:common:yaml file config\config.yaml loaded successfully]
[2025-07-12 18:56:16,029:INFO:common:yaml file params.yaml loaded successfully]
[2025-07-12 18:56:16,032:INFO:common:created directory at :artifacts]
[2025-07-12 18:56:16,034:INFO:common:created directory at :artifacts/data_ingestion]
[2025-07-12 18:56:16,034:INFO:data_ingestion:Downloading data from https://drive.google.com/file/d/1_a-hNaEBmIjkKmgNYEibgbUIMQRfdaSm/view?usp=sharing into file artifacts/data_ingestion/data.zip]
[2025-07-12 18:58:08,154:INFO:data_ingestion:Downloaded data from https://drive.google.com/file/d/1_a-hNaEBmIjkKmgNYEibgbUIMQRfdaSm/view?usp=sharing into file artifacts/data_ingestion/data.zip]
[2025-07-12 18:58:31,104:INFO:main:stage Data Ingestion stage completed]
[2025-07-12 18:58:31,104:INFO:main:*******************]
[2025-07-12 18:58:31,106:INFO:main:>>>>>> stage Data Ingestion stage started <<<<<<]
[2025-07-12 18:58:31,106:INFO:common:yaml file config\config.yaml loaded successfully]
[2025-07-12 18:58:31,106:INFO:common:yaml file params.yaml loaded successfully]
[2025-07-12 18:58:31,106:INFO:common:created directory at :artifacts]
[2025-07-12 18:58:31,106:ERROR:main:'ConfigurationManager' object has no attribute 'get_prepare_base_moedel_config']
Traceback (most recent call last):
  File "C:\Users\Patel\OneDrive\Desktop\pl\chest classification\main.py", line 24, in <module>
    obj.main()
  File "C:\Users\Patel\OneDrive\Desktop\pl\chest classification\src\cnnclassifer\pipeline\prepare_base_model_02.py", line 12, in main
    prepare_base_model_config=config.get_prepare_base_moedel_config()
AttributeError: 'ConfigurationManager' object has no attribute 'get_prepare_base_moedel_config'. Did you mean: 'get_prepare_base_model_config'?
[2025-07-12 19:00:45,411:INFO:main:stage Data Ingestion stage started]
[2025-07-12 19:00:45,414:INFO:common:yaml file config\config.yaml loaded successfully]
[2025-07-12 19:00:45,414:INFO:common:yaml file params.yaml loaded successfully]
[2025-07-12 19:00:45,417:INFO:common:created directory at :artifacts]
[2025-07-12 19:00:45,417:INFO:common:created directory at :artifacts/data_ingestion]
[2025-07-12 19:00:45,420:INFO:data_ingestion:Downloading data from https://drive.google.com/file/d/1_a-hNaEBmIjkKmgNYEibgbUIMQRfdaSm/view?usp=sharing into file artifacts/data_ingestion/data.zip]
[2025-07-12 19:02:20,724:INFO:data_ingestion:Downloaded data from https://drive.google.com/file/d/1_a-hNaEBmIjkKmgNYEibgbUIMQRfdaSm/view?usp=sharing into file artifacts/data_ingestion/data.zip]
[2025-07-12 19:02:46,414:INFO:main:stage Data Ingestion stage completed]
[2025-07-12 19:02:46,414:INFO:main:*******************]
[2025-07-12 19:02:46,414:INFO:main:>>>>>> stage Data Ingestion stage started <<<<<<]
[2025-07-12 19:02:46,414:INFO:common:yaml file config\config.yaml loaded successfully]
[2025-07-12 19:02:46,430:INFO:common:yaml file params.yaml loaded successfully]
[2025-07-12 19:02:46,430:INFO:common:created directory at :artifacts]
[2025-07-12 19:02:46,433:INFO:common:created directory at :artifacts/prepare_base_model]
[2025-07-12 19:02:49,102:WARNING:saving_utils:Compiled the loaded model, but the compiled metrics have yet to be built. `model.compile_metrics` will be empty until you train or evaluate the model.]
[2025-07-12 19:02:51,429:INFO:main:>>>>>> stage Data Ingestion stage completed <<<<<<

x==========x]
[2025-07-12 19:02:51,429:INFO:main:*******************]
[2025-07-12 19:02:51,429:INFO:main:>>>>>> stage Training stage started <<<<<<]
[2025-07-12 19:02:51,429:ERROR:main:TrainingPipeline.main() takes 0 positional arguments but 1 was given]
Traceback (most recent call last):
  File "C:\Users\Patel\OneDrive\Desktop\pl\chest classification\main.py", line 36, in <module>
    obj.main()
TypeError: TrainingPipeline.main() takes 0 positional arguments but 1 was given
[2025-07-12 19:05:57,849:INFO:main:stage Data Ingestion stage started]
[2025-07-12 19:05:57,856:INFO:common:yaml file config\config.yaml loaded successfully]
[2025-07-12 19:05:57,856:INFO:common:yaml file params.yaml loaded successfully]
[2025-07-12 19:05:57,859:INFO:common:created directory at :artifacts]
[2025-07-12 19:05:57,859:INFO:common:created directory at :artifacts/data_ingestion]
[2025-07-12 19:05:57,859:INFO:data_ingestion:Downloading data from https://drive.google.com/file/d/1_a-hNaEBmIjkKmgNYEibgbUIMQRfdaSm/view?usp=sharing into file artifacts/data_ingestion/data.zip]
[2025-07-12 19:07:29,006:INFO:data_ingestion:Downloaded data from https://drive.google.com/file/d/1_a-hNaEBmIjkKmgNYEibgbUIMQRfdaSm/view?usp=sharing into file artifacts/data_ingestion/data.zip]
[2025-07-12 19:07:45,903:INFO:main:stage Data Ingestion stage completed]
[2025-07-12 19:07:45,903:INFO:main:*******************]
[2025-07-12 19:07:45,905:INFO:main:>>>>>> stage Data Ingestion stage started <<<<<<]
[2025-07-12 19:07:45,907:INFO:common:yaml file config\config.yaml loaded successfully]
[2025-07-12 19:07:45,911:INFO:common:yaml file params.yaml loaded successfully]
[2025-07-12 19:07:45,912:INFO:common:created directory at :artifacts]
[2025-07-12 19:07:45,914:INFO:common:created directory at :artifacts/prepare_base_model]
[2025-07-12 19:07:48,184:WARNING:saving_utils:Compiled the loaded model, but the compiled metrics have yet to be built. `model.compile_metrics` will be empty until you train or evaluate the model.]
[2025-07-12 19:07:50,310:INFO:main:>>>>>> stage Data Ingestion stage completed <<<<<<

x==========x]
[2025-07-12 19:07:50,312:INFO:main:*******************]
[2025-07-12 19:07:50,312:INFO:main:>>>>>> stage Training stage started <<<<<<]
[2025-07-12 19:07:50,319:INFO:common:yaml file config\config.yaml loaded successfully]
[2025-07-12 19:07:50,335:INFO:common:yaml file params.yaml loaded successfully]
[2025-07-12 19:07:50,335:INFO:common:created directory at :artifacts]
[2025-07-12 19:07:50,339:INFO:common:created directory at :artifacts\training]
[2025-07-12 19:36:05,777:INFO:main:>>>>>> stage Training stage completed <<<<<<

x==========x]
[2025-07-12 19:36:05,778:INFO:main:*******************]
[2025-07-12 19:36:05,778:INFO:main:>>>>>> stage Evaluation stage started <<<<<<]
[2025-07-12 19:36:05,782:INFO:common:yaml file config\config.yaml loaded successfully]
[2025-07-12 19:36:05,785:INFO:common:yaml file params.yaml loaded successfully]
[2025-07-12 19:36:05,785:INFO:common:created directory at :artifacts]
[2025-07-12 19:41:43,876:INFO:_client:HTTP Request: GET https://dagshub.com/api/v1/user "HTTP/1.1 200 OK"]
[2025-07-12 19:41:43,921:INFO:helpers:Accessing as KelviPatel]
[2025-07-12 19:41:44,578:INFO:_client:HTTP Request: GET https://dagshub.com/api/v1/repos/KelviPatel/Chest-classification "HTTP/1.1 200 OK"]
[2025-07-12 19:41:45,196:INFO:_client:HTTP Request: GET https://dagshub.com/api/v1/user "HTTP/1.1 200 OK"]
[2025-07-12 19:41:45,202:INFO:helpers:Initialized MLflow to track repo "KelviPatel/Chest-classification"]
[2025-07-12 19:41:45,206:INFO:helpers:Repository KelviPatel/Chest-classification initialized!]
[2025-07-12 19:42:04,953:WARNING:save:Found untraced functions such as _jit_compiled_convolution_op, _jit_compiled_convolution_op, _jit_compiled_convolution_op, _jit_compiled_convolution_op, _jit_compiled_convolution_op while saving (showing 5 of 81). These functions will not be directly callable after loading.]
[2025-07-12 19:42:16,410:INFO:builder_impl:Assets written to: C:\Users\Patel\AppData\Local\Temp\tmpmid9ibez\model\data\model\assets]
[2025-07-12 19:43:13,161:INFO:main:>>>>>> stage Evaluation stage completed <<<<<<

x==========x]
[2025-07-12 20:00:49,480:INFO:_internal:[31m[1mWARNING: This is a development server. Do not use it in a production deployment. Use a production WSGI server instead.[0m
 * Running on all addresses (0.0.0.0)
 * Running on http://127.0.0.1:8080
 * Running on http://10.200.9.196:8080]
[2025-07-12 20:00:49,481:INFO:_internal:[33mPress CTRL+C to quit[0m]
[2025-07-12 20:00:54,577:INFO:_internal:127.0.0.1 - - [12/Jul/2025 20:00:54] "GET / HTTP/1.1" 200 -]
[2025-07-12 20:01:14,409:ERROR:app:Exception on /predict [POST]]
Traceback (most recent call last):
  File "C:\Users\Patel\OneDrive\Desktop\pl\chest classification\.venv\lib\site-packages\flask\app.py", line 2190, in wsgi_app
    response = self.full_dispatch_request()
  File "C:\Users\Patel\OneDrive\Desktop\pl\chest classification\.venv\lib\site-packages\flask\app.py", line 1486, in full_dispatch_request
    rv = self.handle_user_exception(e)
  File "C:\Users\Patel\OneDrive\Desktop\pl\chest classification\.venv\lib\site-packages\flask_cors\extension.py", line 176, in wrapped_function
    return cors_after_request(app.make_response(f(*args, **kwargs)))
  File "C:\Users\Patel\OneDrive\Desktop\pl\chest classification\.venv\lib\site-packages\flask\app.py", line 1484, in full_dispatch_request
    rv = self.dispatch_request()
  File "C:\Users\Patel\OneDrive\Desktop\pl\chest classification\.venv\lib\site-packages\flask\app.py", line 1469, in dispatch_request
    return self.ensure_sync(self.view_functions[rule.endpoint])(**view_args)
  File "C:\Users\Patel\OneDrive\Desktop\pl\chest classification\.venv\lib\site-packages\flask_cors\decorator.py", line 121, in wrapped_function
    resp = make_response(f(*args, **kwargs))
  File "C:\Users\Patel\OneDrive\Desktop\pl\chest classification\app.py", line 43, in predictRoute
    result = clApp.classifier.predict()
  File "C:\Users\Patel\OneDrive\Desktop\pl\chest classification\src\cnnclassifer\pipeline\prediction.py", line 16, in predict
    model = load_model(os.path.join("model", "model.h5"))
  File "C:\Users\Patel\OneDrive\Desktop\pl\chest classification\.venv\lib\site-packages\keras\utils\traceback_utils.py", line 67, in error_handler
    raise e.with_traceback(filtered_tb) from None
  File "C:\Users\Patel\OneDrive\Desktop\pl\chest classification\.venv\lib\site-packages\keras\saving\save.py", line 206, in load_model
    raise IOError(f'No file or directory found at {filepath_str}')
OSError: No file or directory found at model\model.h5
[2025-07-12 20:01:14,627:INFO:_internal:127.0.0.1 - - [12/Jul/2025 20:01:14] "[35m[1mPOST /predict HTTP/1.1[0m" 500 -]
[2025-07-12 20:02:28,196:INFO:_internal:[31m[1mWARNING: This is a development server. Do not use it in a production deployment. Use a production WSGI server instead.[0m
 * Running on all addresses (0.0.0.0)
 * Running on http://127.0.0.1:8080
 * Running on http://10.200.9.196:8080]
[2025-07-12 20:02:28,198:INFO:_internal:[33mPress CTRL+C to quit[0m]
[2025-07-12 20:02:33,302:INFO:_internal:127.0.0.1 - - [12/Jul/2025 20:02:33] "GET / HTTP/1.1" 200 -]
[2025-07-12 20:02:55,124:INFO:_internal:127.0.0.1 - - [12/Jul/2025 20:02:55] "POST /predict HTTP/1.1" 200 -]
[2025-07-12 20:03:19,347:INFO:_internal:127.0.0.1 - - [12/Jul/2025 20:03:19] "POST /predict HTTP/1.1" 200 -]
[2025-07-12 20:03:40,838:INFO:_internal:127.0.0.1 - - [12/Jul/2025 20:03:40] "POST /predict HTTP/1.1" 200 -]
[2025-07-12 20:04:01,953:INFO:_internal:127.0.0.1 - - [12/Jul/2025 20:04:01] "POST /predict HTTP/1.1" 200 -]
[2025-07-12 20:04:27,110:WARNING:def_function:5 out of the last 5 calls to <function Model.make_predict_function.<locals>.predict_function at 0x0000017DD3E50550> triggered tf.function retracing. Tracing is expensive and the excessive number of tracings could be due to (1) creating @tf.function repeatedly in a loop, (2) passing tensors with different shapes, (3) passing Python objects instead of tensors. For (1), please define your @tf.function outside of the loop. For (2), @tf.function has reduce_retracing=True option that can avoid unnecessary retracing. For (3), please refer to https://www.tensorflow.org/guide/function#controlling_retracing and https://www.tensorflow.org/api_docs/python/tf/function for  more details.]
[2025-07-12 20:04:27,118:INFO:_internal:127.0.0.1 - - [12/Jul/2025 20:04:27] "POST /predict HTTP/1.1" 200 -]
[2025-07-12 20:04:42,259:WARNING:def_function:6 out of the last 6 calls to <function Model.make_predict_function.<locals>.predict_function at 0x0000017DDA91DF30> triggered tf.function retracing. Tracing is expensive and the excessive number of tracings could be due to (1) creating @tf.function repeatedly in a loop, (2) passing tensors with different shapes, (3) passing Python objects instead of tensors. For (1), please define your @tf.function outside of the loop. For (2), @tf.function has reduce_retracing=True option that can avoid unnecessary retracing. For (3), please refer to https://www.tensorflow.org/guide/function#controlling_retracing and https://www.tensorflow.org/api_docs/python/tf/function for  more details.]
[2025-07-12 20:04:42,259:INFO:_internal:127.0.0.1 - - [12/Jul/2025 20:04:42] "POST /predict HTTP/1.1" 200 -]
[2025-07-12 20:05:22,211:INFO:_internal:127.0.0.1 - - [12/Jul/2025 20:05:22] "POST /predict HTTP/1.1" 200 -]
[2025-07-12 20:05:32,999:INFO:_internal:127.0.0.1 - - [12/Jul/2025 20:05:32] "GET / HTTP/1.1" 200 -]
[2025-07-12 20:05:53,511:INFO:_internal:127.0.0.1 - - [12/Jul/2025 20:05:53] "POST /predict HTTP/1.1" 200 -]
[2025-07-12 20:06:14,518:INFO:_internal:127.0.0.1 - - [12/Jul/2025 20:06:14] "POST /predict HTTP/1.1" 200 -]
[2025-07-12 20:06:39,287:INFO:_internal:127.0.0.1 - - [12/Jul/2025 20:06:39] "POST /predict HTTP/1.1" 200 -]
[2025-07-12 20:06:54,249:INFO:_internal:127.0.0.1 - - [12/Jul/2025 20:06:54] "POST /predict HTTP/1.1" 200 -]
[2025-07-12 20:07:55,767:INFO:_internal:127.0.0.1 - - [12/Jul/2025 20:07:55] "POST /predict HTTP/1.1" 200 -]
[2025-07-12 20:08:44,104:INFO:_internal:127.0.0.1 - - [12/Jul/2025 20:08:44] "GET / HTTP/1.1" 200 -]
[2025-07-12 20:09:06,917:INFO:_internal:127.0.0.1 - - [12/Jul/2025 20:09:06] "POST /predict HTTP/1.1" 200 -]
[2025-07-12 20:09:16,820:INFO:_internal:127.0.0.1 - - [12/Jul/2025 20:09:16] "GET / HTTP/1.1" 200 -]
[2025-07-12 20:09:38,951:INFO:_internal:127.0.0.1 - - [12/Jul/2025 20:09:38] "POST /predict HTTP/1.1" 200 -]
[2025-07-12 20:09:51,455:INFO:_internal:127.0.0.1 - - [12/Jul/2025 20:09:51] "GET / HTTP/1.1" 200 -]
[2025-07-12 20:10:13,233:INFO:_internal:127.0.0.1 - - [12/Jul/2025 20:10:13] "POST /predict HTTP/1.1" 200 -]
[2025-07-12 20:10:25,810:INFO:_internal:127.0.0.1 - - [12/Jul/2025 20:10:25] "GET / HTTP/1.1" 200 -]
[2025-07-12 20:11:37,790:INFO:_internal:[31m[1mWARNING: This is a development server. Do not use it in a production deployment. Use a production WSGI server instead.[0m
 * Running on all addresses (0.0.0.0)
 * Running on http://127.0.0.1:8080
 * Running on http://10.200.9.196:8080]
[2025-07-12 20:11:37,792:INFO:_internal:[33mPress CTRL+C to quit[0m]
[2025-07-12 20:11:48,763:INFO:_internal:127.0.0.1 - - [12/Jul/2025 20:11:48] "GET / HTTP/1.1" 200 -]
[2025-07-12 20:12:05,795:INFO:main:stage Data Ingestion stage started]
[2025-07-12 20:12:05,813:INFO:common:yaml file config\config.yaml loaded successfully]
[2025-07-12 20:12:05,844:INFO:common:yaml file params.yaml loaded successfully]
[2025-07-12 20:12:05,850:INFO:common:created directory at :artifacts]
[2025-07-12 20:12:05,853:INFO:common:created directory at :artifacts/data_ingestion]
[2025-07-12 20:12:05,853:INFO:data_ingestion:Downloading data from https://drive.google.com/file/d/1_a-hNaEBmIjkKmgNYEibgbUIMQRfdaSm/view?usp=sharing into file artifacts/data_ingestion/data.zip]
[2025-07-12 20:13:39,315:INFO:data_ingestion:Downloaded data from https://drive.google.com/file/d/1_a-hNaEBmIjkKmgNYEibgbUIMQRfdaSm/view?usp=sharing into file artifacts/data_ingestion/data.zip]
[2025-07-12 20:13:56,388:INFO:main:stage Data Ingestion stage completed]
[2025-07-12 20:13:56,388:INFO:main:*******************]
[2025-07-12 20:13:56,388:INFO:main:>>>>>> stage Data Ingestion stage started <<<<<<]
[2025-07-12 20:13:56,388:INFO:common:yaml file config\config.yaml loaded successfully]
[2025-07-12 20:13:56,398:INFO:common:yaml file params.yaml loaded successfully]
[2025-07-12 20:13:56,398:INFO:common:created directory at :artifacts]
[2025-07-12 20:13:56,400:INFO:common:created directory at :artifacts/prepare_base_model]
[2025-07-12 20:13:58,785:WARNING:saving_utils:Compiled the loaded model, but the compiled metrics have yet to be built. `model.compile_metrics` will be empty until you train or evaluate the model.]
[2025-07-12 20:14:01,043:INFO:main:>>>>>> stage Data Ingestion stage completed <<<<<<

x==========x]
[2025-07-12 20:14:01,043:INFO:main:*******************]
[2025-07-12 20:14:01,044:INFO:main:>>>>>> stage Training stage started <<<<<<]
[2025-07-12 20:14:01,046:INFO:common:yaml file config\config.yaml loaded successfully]
[2025-07-12 20:14:01,050:INFO:common:yaml file params.yaml loaded successfully]
[2025-07-12 20:14:01,061:INFO:common:created directory at :artifacts]
[2025-07-12 20:14:01,063:INFO:common:created directory at :artifacts\training]
[2025-07-12 20:47:14,148:INFO:main:stage Data Ingestion stage started]
[2025-07-12 20:47:14,150:INFO:common:yaml file config\config.yaml loaded successfully]
[2025-07-12 20:47:14,167:INFO:common:yaml file params.yaml loaded successfully]
[2025-07-12 20:47:14,169:INFO:common:created directory at :artifacts]
[2025-07-12 20:47:14,170:INFO:common:created directory at :artifacts/data_ingestion]
[2025-07-12 20:47:14,170:INFO:data_ingestion:Downloading data from https://drive.google.com/file/d/1_a-hNaEBmIjkKmgNYEibgbUIMQRfdaSm/view?usp=sharing into file artifacts/data_ingestion/data.zip]
